
      ----------------
      Error, missing "<scully-content>" in route "/posts/___UNPUBLISHED___kuepct57_y9RiFCJxGUPIFJCfW1ybgFbz7i0VPqEA"
      without <scully-content> we can not render this route.
      Make sure it is in there, and not inside any conditionals (*ngIf)
      You can check this by opening "http://localhost:4200/posts/___UNPUBLISHED___kuepct57_y9RiFCJxGUPIFJCfW1ybgFbz7i0VPqEA"
      when you serve your app with ng serve and then in the browsers console run:
      document.querySelector('scully-content')
      ----------------
      

----------------------------------
Using stored unhandled routes!.
   To discover new routes in the angular app use "npm run scully -- --scanRoutes"
----------------------------------

      ----------------
      Error, missing "<scully-content>" in route "/posts/2021-10-05-posts"
      without <scully-content> we can not render this route.
      Make sure it is in there, and not inside any conditionals (*ngIf)
      You can check this by opening "http://localhost:4200/posts/2021-10-05-posts"
      when you serve your app with ng serve and then in the browsers console run:
      document.querySelector('scully-content')
      ----------------
      
Received Kill commandClosed servers


----------------------------------
Using stored unhandled routes!.
   To discover new routes in the angular app use "npm run scully -- --scanRoutes"
----------------------------------

      ----------------
      Error, missing "<scully-content>" in route "/posts/2021-10-05-posts"
      without <scully-content> we can not render this route.
      Make sure it is in there, and not inside any conditionals (*ngIf)
      You can check this by opening "http://localhost:4200/posts/2021-10-05-posts"
      when you serve your app with ng serve and then in the browsers console run:
      document.querySelector('scully-content')
      ----------------
      

----------------------------------
Using stored unhandled routes!.
   To discover new routes in the angular app use "npm run scully -- --scanRoutes"
----------------------------------

      ----------------
      Error, missing "<scully-content>" in route "/posts/2021-10-05-posts"
      without <scully-content> we can not render this route.
      Make sure it is in there, and not inside any conditionals (*ngIf)
      You can check this by opening "http://localhost:4200/posts/2021-10-05-posts"
      when you serve your app with ng serve and then in the browsers console run:
      document.querySelector('scully-content')
      ----------------
      
      ----------------
      Error, missing "<scully-content>" in route "/posts/___UNPUBLISHED___kuepldgp_JNlAs1fExcSJ07u4wjFHV51cuXimI4Ix"
      without <scully-content> we can not render this route.
      Make sure it is in there, and not inside any conditionals (*ngIf)
      You can check this by opening "http://localhost:4200/posts/___UNPUBLISHED___kuepldgp_JNlAs1fExcSJ07u4wjFHV51cuXimI4Ix"
      when you serve your app with ng serve and then in the browsers console run:
      document.querySelector('scully-content')
      ----------------
      


----------------------------------
Using stored unhandled routes!.
   To discover new routes in the angular app use "npm run scully -- --scanRoutes"
----------------------------------

      ----------------
      Error, missing "<scully-content>" in route "/posts/___UNPUBLISHED___kuepohno_H92jNvKv2aWXXBcs4EXUmO5XV9wbIey0"
      without <scully-content> we can not render this route.
      Make sure it is in there, and not inside any conditionals (*ngIf)
      You can check this by opening "http://localhost:4200/posts/___UNPUBLISHED___kuepohno_H92jNvKv2aWXXBcs4EXUmO5XV9wbIey0"
      when you serve your app with ng serve and then in the browsers console run:
      document.querySelector('scully-content')
      ----------------
      

      ----------------
      Error, missing "<scully-content>" in route "/posts/2021-10-05-posts"
      without <scully-content> we can not render this route.
      Make sure it is in there, and not inside any conditionals (*ngIf)
      You can check this by opening "http://localhost:4200/posts/2021-10-05-posts"
      when you serve your app with ng serve and then in the browsers console run:
      document.querySelector('scully-content')
      ----------------
      

----------------------------------
Using stored unhandled routes!.
   To discover new routes in the angular app use "npm run scully -- --scanRoutes"
----------------------------------

      ----------------
      Error, missing "<scully-content>" in route "/posts/2021-10-05-posts"
      without <scully-content> we can not render this route.
      Make sure it is in there, and not inside any conditionals (*ngIf)
      You can check this by opening "http://localhost:4200/posts/2021-10-05-posts"
      when you serve your app with ng serve and then in the browsers console run:
      document.querySelector('scully-content')
      ----------------
      

      ----------------
      Error, missing "<scully-content>" in route "/posts/angular-y-scully"
      without <scully-content> we can not render this route.
      Make sure it is in there, and not inside any conditionals (*ngIf)
      You can check this by opening "http://localhost:4200/posts/angular-y-scully"
      when you serve your app with ng serve and then in the browsers console run:
      document.querySelector('scully-content')
      ----------------
      

----------------------------------
Using stored unhandled routes!.
   To discover new routes in the angular app use "npm run scully -- --scanRoutes"
----------------------------------
